[ERROR] [12:17:27] com.gateside.autotesting.Lib.common.ClassReflector - MESSSAGE: com.baidu.gameqa.iat.steps.member.RegisterwithInviteCodeSTACKTRACE: java.net.URLClassLoader.findClass(URLClassLoader.java:381)java.lang.ClassLoader.loadClass(ClassLoader.java:424)java.lang.ClassLoader.loadClass(ClassLoader.java:357)com.gateside.autotesting.Lib.common.ClassReflector.getClass(ClassReflector.java:194)com.gateside.autotesting.Lib.common.ClassReflector.getConstructor(ClassReflector.java:157)com.gateside.autotesting.Lib.common.ClassReflector.createInstance(ClassReflector.java:70)com.gateside.autotesting.Lib.common.ClassReflector.createInstance(ClassReflector.java:53)com.gateside.autotesting.Gat.executor.CaseExecutor.invokeMethod(CaseExecutor.java:64)com.gateside.autotesting.Gat.executor.InterfaceStepsExecutor.executeCase(InterfaceStepsExecutor.java:103)com.gateside.autotesting.Gat.executor.CaseExecutor.execute(CaseExecutor.java:33)com.baidu.gameqa.iat.steps.member_unittest.RegisterwithInviteCodeTestCase.RegisterGameUser_success(RegisterwithInviteCodeTestCase.java:26)sun.reflect.NativeMethodAccessorImpl.invoke0(Native Method)sun.reflect.NativeMethodAccessorImpl.invoke(NativeMethodAccessorImpl.java:62)sun.reflect.DelegatingMethodAccessorImpl.invoke(DelegatingMethodAccessorImpl.java:43)java.lang.reflect.Method.invoke(Method.java:498)org.testng.internal.MethodInvocationHelper.invokeMethod(MethodInvocationHelper.java:85)org.testng.internal.Invoker.invokeMethod(Invoker.java:659)org.testng.internal.Invoker.invokeTestMethod(Invoker.java:845)org.testng.internal.Invoker.invokeTestMethods(Invoker.java:1153)org.testng.internal.TestMethodWorker.invokeTestMethods(TestMethodWorker.java:125)org.testng.internal.TestMethodWorker.run(TestMethodWorker.java:108)org.testng.TestRunner.privateRun(TestRunner.java:771)org.testng.TestRunner.run(TestRunner.java:621)org.testng.SuiteRunner.runTest(SuiteRunner.java:357)org.testng.SuiteRunner.runSequentially(SuiteRunner.java:352)org.testng.SuiteRunner.privateRun(SuiteRunner.java:310)org.testng.SuiteRunner.run(SuiteRunner.java:259)org.testng.SuiteRunnerWorker.runSuite(SuiteRunnerWorker.java:52)org.testng.SuiteRunnerWorker.run(SuiteRunnerWorker.java:86)org.testng.TestNG.runSuitesSequentially(TestNG.java:1199)org.testng.TestNG.runSuitesLocally(TestNG.java:1124)org.testng.TestNG.run(TestNG.java:1032)org.testng.remote.AbstractRemoteTestNG.run(AbstractRemoteTestNG.java:132)org.testng.remote.RemoteTestNG.initAndRun(RemoteTestNG.java:230)org.testng.remote.RemoteTestNG.main(RemoteTestNG.java:76)
  [ERROR] [12:17:27] com.gateside.autotesting.Lib.common.ClassReflector - MESSSAGE: nullSTACKTRACE: com.gateside.autotesting.Lib.common.ClassReflector.getConstructor(ClassReflector.java:160)com.gateside.autotesting.Lib.common.ClassReflector.createInstance(ClassReflector.java:70)com.gateside.autotesting.Lib.common.ClassReflector.createInstance(ClassReflector.java:53)com.gateside.autotesting.Gat.executor.CaseExecutor.invokeMethod(CaseExecutor.java:64)com.gateside.autotesting.Gat.executor.InterfaceStepsExecutor.executeCase(InterfaceStepsExecutor.java:103)com.gateside.autotesting.Gat.executor.CaseExecutor.execute(CaseExecutor.java:33)com.baidu.gameqa.iat.steps.member_unittest.RegisterwithInviteCodeTestCase.RegisterGameUser_success(RegisterwithInviteCodeTestCase.java:26)sun.reflect.NativeMethodAccessorImpl.invoke0(Native Method)sun.reflect.NativeMethodAccessorImpl.invoke(NativeMethodAccessorImpl.java:62)sun.reflect.DelegatingMethodAccessorImpl.invoke(DelegatingMethodAccessorImpl.java:43)java.lang.reflect.Method.invoke(Method.java:498)org.testng.internal.MethodInvocationHelper.invokeMethod(MethodInvocationHelper.java:85)org.testng.internal.Invoker.invokeMethod(Invoker.java:659)org.testng.internal.Invoker.invokeTestMethod(Invoker.java:845)org.testng.internal.Invoker.invokeTestMethods(Invoker.java:1153)org.testng.internal.TestMethodWorker.invokeTestMethods(TestMethodWorker.java:125)org.testng.internal.TestMethodWorker.run(TestMethodWorker.java:108)org.testng.TestRunner.privateRun(TestRunner.java:771)org.testng.TestRunner.run(TestRunner.java:621)org.testng.SuiteRunner.runTest(SuiteRunner.java:357)org.testng.SuiteRunner.runSequentially(SuiteRunner.java:352)org.testng.SuiteRunner.privateRun(SuiteRunner.java:310)org.testng.SuiteRunner.run(SuiteRunner.java:259)org.testng.SuiteRunnerWorker.runSuite(SuiteRunnerWorker.java:52)org.testng.SuiteRunnerWorker.run(SuiteRunnerWorker.java:86)org.testng.TestNG.runSuitesSequentially(TestNG.java:1199)org.testng.TestNG.runSuitesLocally(TestNG.java:1124)org.testng.TestNG.run(TestNG.java:1032)org.testng.remote.AbstractRemoteTestNG.run(AbstractRemoteTestNG.java:132)org.testng.remote.RemoteTestNG.initAndRun(RemoteTestNG.java:230)org.testng.remote.RemoteTestNG.main(RemoteTestNG.java:76)
  [ERROR] [12:17:27] com.gateside.autotesting.Lib.common.SimpleLogger - MESSSAGE: nullSTACKTRACE: com.gateside.autotesting.Lib.common.ClassReflector.createInstance(ClassReflector.java:73)com.gateside.autotesting.Lib.common.ClassReflector.createInstance(ClassReflector.java:53)com.gateside.autotesting.Gat.executor.CaseExecutor.invokeMethod(CaseExecutor.java:64)com.gateside.autotesting.Gat.executor.InterfaceStepsExecutor.executeCase(InterfaceStepsExecutor.java:103)com.gateside.autotesting.Gat.executor.CaseExecutor.execute(CaseExecutor.java:33)com.baidu.gameqa.iat.steps.member_unittest.RegisterwithInviteCodeTestCase.RegisterGameUser_success(RegisterwithInviteCodeTestCase.java:26)sun.reflect.NativeMethodAccessorImpl.invoke0(Native Method)sun.reflect.NativeMethodAccessorImpl.invoke(NativeMethodAccessorImpl.java:62)sun.reflect.DelegatingMethodAccessorImpl.invoke(DelegatingMethodAccessorImpl.java:43)java.lang.reflect.Method.invoke(Method.java:498)org.testng.internal.MethodInvocationHelper.invokeMethod(MethodInvocationHelper.java:85)org.testng.internal.Invoker.invokeMethod(Invoker.java:659)org.testng.internal.Invoker.invokeTestMethod(Invoker.java:845)org.testng.internal.Invoker.invokeTestMethods(Invoker.java:1153)org.testng.internal.TestMethodWorker.invokeTestMethods(TestMethodWorker.java:125)org.testng.internal.TestMethodWorker.run(TestMethodWorker.java:108)org.testng.TestRunner.privateRun(TestRunner.java:771)org.testng.TestRunner.run(TestRunner.java:621)org.testng.SuiteRunner.runTest(SuiteRunner.java:357)org.testng.SuiteRunner.runSequentially(SuiteRunner.java:352)org.testng.SuiteRunner.privateRun(SuiteRunner.java:310)org.testng.SuiteRunner.run(SuiteRunner.java:259)org.testng.SuiteRunnerWorker.runSuite(SuiteRunnerWorker.java:52)org.testng.SuiteRunnerWorker.run(SuiteRunnerWorker.java:86)org.testng.TestNG.runSuitesSequentially(TestNG.java:1199)org.testng.TestNG.runSuitesLocally(TestNG.java:1124)org.testng.TestNG.run(TestNG.java:1032)org.testng.remote.AbstractRemoteTestNG.run(AbstractRemoteTestNG.java:132)org.testng.remote.RemoteTestNG.initAndRun(RemoteTestNG.java:230)org.testng.remote.RemoteTestNG.main(RemoteTestNG.java:76)
  [ERROR] [12:17:27] com.gateside.autotesting.Lib.common.ClassReflector - MESSSAGE: instance should not be null!STACKTRACE: com.gateside.autotesting.Lib.common.ClassReflector.getMethod(ClassReflector.java:100)com.gateside.autotesting.Gat.executor.CaseExecutor.invokeMethod(CaseExecutor.java:65)com.gateside.autotesting.Gat.executor.InterfaceStepsExecutor.executeCase(InterfaceStepsExecutor.java:103)com.gateside.autotesting.Gat.executor.CaseExecutor.execute(CaseExecutor.java:33)com.baidu.gameqa.iat.steps.member_unittest.RegisterwithInviteCodeTestCase.RegisterGameUser_success(RegisterwithInviteCodeTestCase.java:26)sun.reflect.NativeMethodAccessorImpl.invoke0(Native Method)sun.reflect.NativeMethodAccessorImpl.invoke(NativeMethodAccessorImpl.java:62)sun.reflect.DelegatingMethodAccessorImpl.invoke(DelegatingMethodAccessorImpl.java:43)java.lang.reflect.Method.invoke(Method.java:498)org.testng.internal.MethodInvocationHelper.invokeMethod(MethodInvocationHelper.java:85)org.testng.internal.Invoker.invokeMethod(Invoker.java:659)org.testng.internal.Invoker.invokeTestMethod(Invoker.java:845)org.testng.internal.Invoker.invokeTestMethods(Invoker.java:1153)org.testng.internal.TestMethodWorker.invokeTestMethods(TestMethodWorker.java:125)org.testng.internal.TestMethodWorker.run(TestMethodWorker.java:108)org.testng.TestRunner.privateRun(TestRunner.java:771)org.testng.TestRunner.run(TestRunner.java:621)org.testng.SuiteRunner.runTest(SuiteRunner.java:357)org.testng.SuiteRunner.runSequentially(SuiteRunner.java:352)org.testng.SuiteRunner.privateRun(SuiteRunner.java:310)org.testng.SuiteRunner.run(SuiteRunner.java:259)org.testng.SuiteRunnerWorker.runSuite(SuiteRunnerWorker.java:52)org.testng.SuiteRunnerWorker.run(SuiteRunnerWorker.java:86)org.testng.TestNG.runSuitesSequentially(TestNG.java:1199)org.testng.TestNG.runSuitesLocally(TestNG.java:1124)org.testng.TestNG.run(TestNG.java:1032)org.testng.remote.AbstractRemoteTestNG.run(AbstractRemoteTestNG.java:132)org.testng.remote.RemoteTestNG.initAndRun(RemoteTestNG.java:230)org.testng.remote.RemoteTestNG.main(RemoteTestNG.java:76)
  [ERROR] [12:17:27] com.gateside.autotesting.Lib.common.ClassReflector - MESSSAGE: com.lenovo.box.step.member.TeamOperationStepSTACKTRACE: java.net.URLClassLoader.findClass(URLClassLoader.java:381)java.lang.ClassLoader.loadClass(ClassLoader.java:424)java.lang.ClassLoader.loadClass(ClassLoader.java:357)com.gateside.autotesting.Lib.common.ClassReflector.getClass(ClassReflector.java:194)com.gateside.autotesting.Lib.common.ClassReflector.getConstructor(ClassReflector.java:157)com.gateside.autotesting.Lib.common.ClassReflector.createInstance(ClassReflector.java:70)com.gateside.autotesting.Lib.common.ClassReflector.createInstance(ClassReflector.java:53)com.gateside.autotesting.Gat.executor.CaseExecutor.invokeMethod(CaseExecutor.java:64)com.gateside.autotesting.Gat.executor.InterfaceStepsExecutor.executeCase(InterfaceStepsExecutor.java:103)com.gateside.autotesting.Gat.executor.CaseExecutor.execute(CaseExecutor.java:33)com.lenovo.box.step.member_unittest.TeamTestCase.TeamOperationStep(TeamTestCase.java:26)sun.reflect.NativeMethodAccessorImpl.invoke0(Native Method)sun.reflect.NativeMethodAccessorImpl.invoke(NativeMethodAccessorImpl.java:62)sun.reflect.DelegatingMethodAccessorImpl.invoke(DelegatingMethodAccessorImpl.java:43)java.lang.reflect.Method.invoke(Method.java:498)org.testng.internal.MethodInvocationHelper.invokeMethod(MethodInvocationHelper.java:85)org.testng.internal.Invoker.invokeMethod(Invoker.java:659)org.testng.internal.Invoker.invokeTestMethod(Invoker.java:845)org.testng.internal.Invoker.invokeTestMethods(Invoker.java:1153)org.testng.internal.TestMethodWorker.invokeTestMethods(TestMethodWorker.java:125)org.testng.internal.TestMethodWorker.run(TestMethodWorker.java:108)org.testng.TestRunner.privateRun(TestRunner.java:771)org.testng.TestRunner.run(TestRunner.java:621)org.testng.SuiteRunner.runTest(SuiteRunner.java:357)org.testng.SuiteRunner.runSequentially(SuiteRunner.java:352)org.testng.SuiteRunner.privateRun(SuiteRunner.java:310)org.testng.SuiteRunner.run(SuiteRunner.java:259)org.testng.SuiteRunnerWorker.runSuite(SuiteRunnerWorker.java:52)org.testng.SuiteRunnerWorker.run(SuiteRunnerWorker.java:86)org.testng.TestNG.runSuitesSequentially(TestNG.java:1199)org.testng.TestNG.runSuitesLocally(TestNG.java:1124)org.testng.TestNG.run(TestNG.java:1032)org.testng.remote.AbstractRemoteTestNG.run(AbstractRemoteTestNG.java:132)org.testng.remote.RemoteTestNG.initAndRun(RemoteTestNG.java:230)org.testng.remote.RemoteTestNG.main(RemoteTestNG.java:76)
  [ERROR] [12:17:27] com.gateside.autotesting.Lib.common.ClassReflector - MESSSAGE: nullSTACKTRACE: com.gateside.autotesting.Lib.common.ClassReflector.getConstructor(ClassReflector.java:160)com.gateside.autotesting.Lib.common.ClassReflector.createInstance(ClassReflector.java:70)com.gateside.autotesting.Lib.common.ClassReflector.createInstance(ClassReflector.java:53)com.gateside.autotesting.Gat.executor.CaseExecutor.invokeMethod(CaseExecutor.java:64)com.gateside.autotesting.Gat.executor.InterfaceStepsExecutor.executeCase(InterfaceStepsExecutor.java:103)com.gateside.autotesting.Gat.executor.CaseExecutor.execute(CaseExecutor.java:33)com.lenovo.box.step.member_unittest.TeamTestCase.TeamOperationStep(TeamTestCase.java:26)sun.reflect.NativeMethodAccessorImpl.invoke0(Native Method)sun.reflect.NativeMethodAccessorImpl.invoke(NativeMethodAccessorImpl.java:62)sun.reflect.DelegatingMethodAccessorImpl.invoke(DelegatingMethodAccessorImpl.java:43)java.lang.reflect.Method.invoke(Method.java:498)org.testng.internal.MethodInvocationHelper.invokeMethod(MethodInvocationHelper.java:85)org.testng.internal.Invoker.invokeMethod(Invoker.java:659)org.testng.internal.Invoker.invokeTestMethod(Invoker.java:845)org.testng.internal.Invoker.invokeTestMethods(Invoker.java:1153)org.testng.internal.TestMethodWorker.invokeTestMethods(TestMethodWorker.java:125)org.testng.internal.TestMethodWorker.run(TestMethodWorker.java:108)org.testng.TestRunner.privateRun(TestRunner.java:771)org.testng.TestRunner.run(TestRunner.java:621)org.testng.SuiteRunner.runTest(SuiteRunner.java:357)org.testng.SuiteRunner.runSequentially(SuiteRunner.java:352)org.testng.SuiteRunner.privateRun(SuiteRunner.java:310)org.testng.SuiteRunner.run(SuiteRunner.java:259)org.testng.SuiteRunnerWorker.runSuite(SuiteRunnerWorker.java:52)org.testng.SuiteRunnerWorker.run(SuiteRunnerWorker.java:86)org.testng.TestNG.runSuitesSequentially(TestNG.java:1199)org.testng.TestNG.runSuitesLocally(TestNG.java:1124)org.testng.TestNG.run(TestNG.java:1032)org.testng.remote.AbstractRemoteTestNG.run(AbstractRemoteTestNG.java:132)org.testng.remote.RemoteTestNG.initAndRun(RemoteTestNG.java:230)org.testng.remote.RemoteTestNG.main(RemoteTestNG.java:76)
  [ERROR] [12:17:27] com.gateside.autotesting.Lib.common.SimpleLogger - MESSSAGE: nullSTACKTRACE: com.gateside.autotesting.Lib.common.ClassReflector.createInstance(ClassReflector.java:73)com.gateside.autotesting.Lib.common.ClassReflector.createInstance(ClassReflector.java:53)com.gateside.autotesting.Gat.executor.CaseExecutor.invokeMethod(CaseExecutor.java:64)com.gateside.autotesting.Gat.executor.InterfaceStepsExecutor.executeCase(InterfaceStepsExecutor.java:103)com.gateside.autotesting.Gat.executor.CaseExecutor.execute(CaseExecutor.java:33)com.lenovo.box.step.member_unittest.TeamTestCase.TeamOperationStep(TeamTestCase.java:26)sun.reflect.NativeMethodAccessorImpl.invoke0(Native Method)sun.reflect.NativeMethodAccessorImpl.invoke(NativeMethodAccessorImpl.java:62)sun.reflect.DelegatingMethodAccessorImpl.invoke(DelegatingMethodAccessorImpl.java:43)java.lang.reflect.Method.invoke(Method.java:498)org.testng.internal.MethodInvocationHelper.invokeMethod(MethodInvocationHelper.java:85)org.testng.internal.Invoker.invokeMethod(Invoker.java:659)org.testng.internal.Invoker.invokeTestMethod(Invoker.java:845)org.testng.internal.Invoker.invokeTestMethods(Invoker.java:1153)org.testng.internal.TestMethodWorker.invokeTestMethods(TestMethodWorker.java:125)org.testng.internal.TestMethodWorker.run(TestMethodWorker.java:108)org.testng.TestRunner.privateRun(TestRunner.java:771)org.testng.TestRunner.run(TestRunner.java:621)org.testng.SuiteRunner.runTest(SuiteRunner.java:357)org.testng.SuiteRunner.runSequentially(SuiteRunner.java:352)org.testng.SuiteRunner.privateRun(SuiteRunner.java:310)org.testng.SuiteRunner.run(SuiteRunner.java:259)org.testng.SuiteRunnerWorker.runSuite(SuiteRunnerWorker.java:52)org.testng.SuiteRunnerWorker.run(SuiteRunnerWorker.java:86)org.testng.TestNG.runSuitesSequentially(TestNG.java:1199)org.testng.TestNG.runSuitesLocally(TestNG.java:1124)org.testng.TestNG.run(TestNG.java:1032)org.testng.remote.AbstractRemoteTestNG.run(AbstractRemoteTestNG.java:132)org.testng.remote.RemoteTestNG.initAndRun(RemoteTestNG.java:230)org.testng.remote.RemoteTestNG.main(RemoteTestNG.java:76)
  [ERROR] [12:17:27] com.gateside.autotesting.Lib.common.ClassReflector - MESSSAGE: instance should not be null!STACKTRACE: com.gateside.autotesting.Lib.common.ClassReflector.getMethod(ClassReflector.java:100)com.gateside.autotesting.Gat.executor.CaseExecutor.invokeMethod(CaseExecutor.java:65)com.gateside.autotesting.Gat.executor.InterfaceStepsExecutor.executeCase(InterfaceStepsExecutor.java:103)com.gateside.autotesting.Gat.executor.CaseExecutor.execute(CaseExecutor.java:33)com.lenovo.box.step.member_unittest.TeamTestCase.TeamOperationStep(TeamTestCase.java:26)sun.reflect.NativeMethodAccessorImpl.invoke0(Native Method)sun.reflect.NativeMethodAccessorImpl.invoke(NativeMethodAccessorImpl.java:62)sun.reflect.DelegatingMethodAccessorImpl.invoke(DelegatingMethodAccessorImpl.java:43)java.lang.reflect.Method.invoke(Method.java:498)org.testng.internal.MethodInvocationHelper.invokeMethod(MethodInvocationHelper.java:85)org.testng.internal.Invoker.invokeMethod(Invoker.java:659)org.testng.internal.Invoker.invokeTestMethod(Invoker.java:845)org.testng.internal.Invoker.invokeTestMethods(Invoker.java:1153)org.testng.internal.TestMethodWorker.invokeTestMethods(TestMethodWorker.java:125)org.testng.internal.TestMethodWorker.run(TestMethodWorker.java:108)org.testng.TestRunner.privateRun(TestRunner.java:771)org.testng.TestRunner.run(TestRunner.java:621)org.testng.SuiteRunner.runTest(SuiteRunner.java:357)org.testng.SuiteRunner.runSequentially(SuiteRunner.java:352)org.testng.SuiteRunner.privateRun(SuiteRunner.java:310)org.testng.SuiteRunner.run(SuiteRunner.java:259)org.testng.SuiteRunnerWorker.runSuite(SuiteRunnerWorker.java:52)org.testng.SuiteRunnerWorker.run(SuiteRunnerWorker.java:86)org.testng.TestNG.runSuitesSequentially(TestNG.java:1199)org.testng.TestNG.runSuitesLocally(TestNG.java:1124)org.testng.TestNG.run(TestNG.java:1032)org.testng.remote.AbstractRemoteTestNG.run(AbstractRemoteTestNG.java:132)org.testng.remote.RemoteTestNG.initAndRun(RemoteTestNG.java:230)org.testng.remote.RemoteTestNG.main(RemoteTestNG.java:76)
  [ERROR] [12:18:21] com.gateside.autotesting.Lib.common.ClassReflector - MESSSAGE: com.baidu.gameqa.iat.steps.member.RegisterwithInviteCodeSTACKTRACE: java.net.URLClassLoader.findClass(URLClassLoader.java:381)java.lang.ClassLoader.loadClass(ClassLoader.java:424)java.lang.ClassLoader.loadClass(ClassLoader.java:357)com.gateside.autotesting.Lib.common.ClassReflector.getClass(ClassReflector.java:194)com.gateside.autotesting.Lib.common.ClassReflector.getConstructor(ClassReflector.java:157)com.gateside.autotesting.Lib.common.ClassReflector.createInstance(ClassReflector.java:70)com.gateside.autotesting.Lib.common.ClassReflector.createInstance(ClassReflector.java:53)com.gateside.autotesting.Gat.executor.CaseExecutor.invokeMethod(CaseExecutor.java:64)com.gateside.autotesting.Gat.executor.InterfaceStepsExecutor.executeCase(InterfaceStepsExecutor.java:103)com.gateside.autotesting.Gat.executor.CaseExecutor.execute(CaseExecutor.java:33)com.baidu.gameqa.iat.steps.member_unittest.RegisterwithInviteCodeTestCase.RegisterGameUser_success(RegisterwithInviteCodeTestCase.java:26)sun.reflect.NativeMethodAccessorImpl.invoke0(Native Method)sun.reflect.NativeMethodAccessorImpl.invoke(NativeMethodAccessorImpl.java:62)sun.reflect.DelegatingMethodAccessorImpl.invoke(DelegatingMethodAccessorImpl.java:43)java.lang.reflect.Method.invoke(Method.java:498)org.testng.internal.MethodInvocationHelper.invokeMethod(MethodInvocationHelper.java:85)org.testng.internal.Invoker.invokeMethod(Invoker.java:659)org.testng.internal.Invoker.invokeTestMethod(Invoker.java:845)org.testng.internal.Invoker.invokeTestMethods(Invoker.java:1153)org.testng.internal.TestMethodWorker.invokeTestMethods(TestMethodWorker.java:125)org.testng.internal.TestMethodWorker.run(TestMethodWorker.java:108)org.testng.TestRunner.privateRun(TestRunner.java:771)org.testng.TestRunner.run(TestRunner.java:621)org.testng.SuiteRunner.runTest(SuiteRunner.java:357)org.testng.SuiteRunner.runSequentially(SuiteRunner.java:352)org.testng.SuiteRunner.privateRun(SuiteRunner.java:310)org.testng.SuiteRunner.run(SuiteRunner.java:259)org.testng.SuiteRunnerWorker.runSuite(SuiteRunnerWorker.java:52)org.testng.SuiteRunnerWorker.run(SuiteRunnerWorker.java:86)org.testng.TestNG.runSuitesSequentially(TestNG.java:1199)org.testng.TestNG.runSuitesLocally(TestNG.java:1124)org.testng.TestNG.run(TestNG.java:1032)org.testng.remote.AbstractRemoteTestNG.run(AbstractRemoteTestNG.java:132)org.testng.remote.RemoteTestNG.initAndRun(RemoteTestNG.java:230)org.testng.remote.RemoteTestNG.main(RemoteTestNG.java:76)
  [ERROR] [12:18:21] com.gateside.autotesting.Lib.common.ClassReflector - MESSSAGE: nullSTACKTRACE: com.gateside.autotesting.Lib.common.ClassReflector.getConstructor(ClassReflector.java:160)com.gateside.autotesting.Lib.common.ClassReflector.createInstance(ClassReflector.java:70)com.gateside.autotesting.Lib.common.ClassReflector.createInstance(ClassReflector.java:53)com.gateside.autotesting.Gat.executor.CaseExecutor.invokeMethod(CaseExecutor.java:64)com.gateside.autotesting.Gat.executor.InterfaceStepsExecutor.executeCase(InterfaceStepsExecutor.java:103)com.gateside.autotesting.Gat.executor.CaseExecutor.execute(CaseExecutor.java:33)com.baidu.gameqa.iat.steps.member_unittest.RegisterwithInviteCodeTestCase.RegisterGameUser_success(RegisterwithInviteCodeTestCase.java:26)sun.reflect.NativeMethodAccessorImpl.invoke0(Native Method)sun.reflect.NativeMethodAccessorImpl.invoke(NativeMethodAccessorImpl.java:62)sun.reflect.DelegatingMethodAccessorImpl.invoke(DelegatingMethodAccessorImpl.java:43)java.lang.reflect.Method.invoke(Method.java:498)org.testng.internal.MethodInvocationHelper.invokeMethod(MethodInvocationHelper.java:85)org.testng.internal.Invoker.invokeMethod(Invoker.java:659)org.testng.internal.Invoker.invokeTestMethod(Invoker.java:845)org.testng.internal.Invoker.invokeTestMethods(Invoker.java:1153)org.testng.internal.TestMethodWorker.invokeTestMethods(TestMethodWorker.java:125)org.testng.internal.TestMethodWorker.run(TestMethodWorker.java:108)org.testng.TestRunner.privateRun(TestRunner.java:771)org.testng.TestRunner.run(TestRunner.java:621)org.testng.SuiteRunner.runTest(SuiteRunner.java:357)org.testng.SuiteRunner.runSequentially(SuiteRunner.java:352)org.testng.SuiteRunner.privateRun(SuiteRunner.java:310)org.testng.SuiteRunner.run(SuiteRunner.java:259)org.testng.SuiteRunnerWorker.runSuite(SuiteRunnerWorker.java:52)org.testng.SuiteRunnerWorker.run(SuiteRunnerWorker.java:86)org.testng.TestNG.runSuitesSequentially(TestNG.java:1199)org.testng.TestNG.runSuitesLocally(TestNG.java:1124)org.testng.TestNG.run(TestNG.java:1032)org.testng.remote.AbstractRemoteTestNG.run(AbstractRemoteTestNG.java:132)org.testng.remote.RemoteTestNG.initAndRun(RemoteTestNG.java:230)org.testng.remote.RemoteTestNG.main(RemoteTestNG.java:76)
  [ERROR] [12:18:21] com.gateside.autotesting.Lib.common.SimpleLogger - MESSSAGE: nullSTACKTRACE: com.gateside.autotesting.Lib.common.ClassReflector.createInstance(ClassReflector.java:73)com.gateside.autotesting.Lib.common.ClassReflector.createInstance(ClassReflector.java:53)com.gateside.autotesting.Gat.executor.CaseExecutor.invokeMethod(CaseExecutor.java:64)com.gateside.autotesting.Gat.executor.InterfaceStepsExecutor.executeCase(InterfaceStepsExecutor.java:103)com.gateside.autotesting.Gat.executor.CaseExecutor.execute(CaseExecutor.java:33)com.baidu.gameqa.iat.steps.member_unittest.RegisterwithInviteCodeTestCase.RegisterGameUser_success(RegisterwithInviteCodeTestCase.java:26)sun.reflect.NativeMethodAccessorImpl.invoke0(Native Method)sun.reflect.NativeMethodAccessorImpl.invoke(NativeMethodAccessorImpl.java:62)sun.reflect.DelegatingMethodAccessorImpl.invoke(DelegatingMethodAccessorImpl.java:43)java.lang.reflect.Method.invoke(Method.java:498)org.testng.internal.MethodInvocationHelper.invokeMethod(MethodInvocationHelper.java:85)org.testng.internal.Invoker.invokeMethod(Invoker.java:659)org.testng.internal.Invoker.invokeTestMethod(Invoker.java:845)org.testng.internal.Invoker.invokeTestMethods(Invoker.java:1153)org.testng.internal.TestMethodWorker.invokeTestMethods(TestMethodWorker.java:125)org.testng.internal.TestMethodWorker.run(TestMethodWorker.java:108)org.testng.TestRunner.privateRun(TestRunner.java:771)org.testng.TestRunner.run(TestRunner.java:621)org.testng.SuiteRunner.runTest(SuiteRunner.java:357)org.testng.SuiteRunner.runSequentially(SuiteRunner.java:352)org.testng.SuiteRunner.privateRun(SuiteRunner.java:310)org.testng.SuiteRunner.run(SuiteRunner.java:259)org.testng.SuiteRunnerWorker.runSuite(SuiteRunnerWorker.java:52)org.testng.SuiteRunnerWorker.run(SuiteRunnerWorker.java:86)org.testng.TestNG.runSuitesSequentially(TestNG.java:1199)org.testng.TestNG.runSuitesLocally(TestNG.java:1124)org.testng.TestNG.run(TestNG.java:1032)org.testng.remote.AbstractRemoteTestNG.run(AbstractRemoteTestNG.java:132)org.testng.remote.RemoteTestNG.initAndRun(RemoteTestNG.java:230)org.testng.remote.RemoteTestNG.main(RemoteTestNG.java:76)
  [ERROR] [12:18:21] com.gateside.autotesting.Lib.common.ClassReflector - MESSSAGE: instance should not be null!STACKTRACE: com.gateside.autotesting.Lib.common.ClassReflector.getMethod(ClassReflector.java:100)com.gateside.autotesting.Gat.executor.CaseExecutor.invokeMethod(CaseExecutor.java:65)com.gateside.autotesting.Gat.executor.InterfaceStepsExecutor.executeCase(InterfaceStepsExecutor.java:103)com.gateside.autotesting.Gat.executor.CaseExecutor.execute(CaseExecutor.java:33)com.baidu.gameqa.iat.steps.member_unittest.RegisterwithInviteCodeTestCase.RegisterGameUser_success(RegisterwithInviteCodeTestCase.java:26)sun.reflect.NativeMethodAccessorImpl.invoke0(Native Method)sun.reflect.NativeMethodAccessorImpl.invoke(NativeMethodAccessorImpl.java:62)sun.reflect.DelegatingMethodAccessorImpl.invoke(DelegatingMethodAccessorImpl.java:43)java.lang.reflect.Method.invoke(Method.java:498)org.testng.internal.MethodInvocationHelper.invokeMethod(MethodInvocationHelper.java:85)org.testng.internal.Invoker.invokeMethod(Invoker.java:659)org.testng.internal.Invoker.invokeTestMethod(Invoker.java:845)org.testng.internal.Invoker.invokeTestMethods(Invoker.java:1153)org.testng.internal.TestMethodWorker.invokeTestMethods(TestMethodWorker.java:125)org.testng.internal.TestMethodWorker.run(TestMethodWorker.java:108)org.testng.TestRunner.privateRun(TestRunner.java:771)org.testng.TestRunner.run(TestRunner.java:621)org.testng.SuiteRunner.runTest(SuiteRunner.java:357)org.testng.SuiteRunner.runSequentially(SuiteRunner.java:352)org.testng.SuiteRunner.privateRun(SuiteRunner.java:310)org.testng.SuiteRunner.run(SuiteRunner.java:259)org.testng.SuiteRunnerWorker.runSuite(SuiteRunnerWorker.java:52)org.testng.SuiteRunnerWorker.run(SuiteRunnerWorker.java:86)org.testng.TestNG.runSuitesSequentially(TestNG.java:1199)org.testng.TestNG.runSuitesLocally(TestNG.java:1124)org.testng.TestNG.run(TestNG.java:1032)org.testng.remote.AbstractRemoteTestNG.run(AbstractRemoteTestNG.java:132)org.testng.remote.RemoteTestNG.initAndRun(RemoteTestNG.java:230)org.testng.remote.RemoteTestNG.main(RemoteTestNG.java:76)
  [ERROR] [12:23:03] com.gateside.autotesting.Lib.common.ClassReflector - MESSSAGE: com.baidu.gameqa.iat.steps.member.RegisterwithInviteCodeSTACKTRACE: java.net.URLClassLoader.findClass(URLClassLoader.java:381)java.lang.ClassLoader.loadClass(ClassLoader.java:424)java.lang.ClassLoader.loadClass(ClassLoader.java:357)com.gateside.autotesting.Lib.common.ClassReflector.getClass(ClassReflector.java:194)com.gateside.autotesting.Lib.common.ClassReflector.getConstructor(ClassReflector.java:157)com.gateside.autotesting.Lib.common.ClassReflector.createInstance(ClassReflector.java:70)com.gateside.autotesting.Lib.common.ClassReflector.createInstance(ClassReflector.java:53)com.gateside.autotesting.Gat.executor.CaseExecutor.invokeMethod(CaseExecutor.java:64)com.gateside.autotesting.Gat.executor.InterfaceStepsExecutor.executeCase(InterfaceStepsExecutor.java:103)com.gateside.autotesting.Gat.executor.CaseExecutor.execute(CaseExecutor.java:33)com.baidu.gameqa.iat.steps.member_unittest.RegisterwithInviteCodeTestCase.RegisterGameUser_success(RegisterwithInviteCodeTestCase.java:26)sun.reflect.NativeMethodAccessorImpl.invoke0(Native Method)sun.reflect.NativeMethodAccessorImpl.invoke(NativeMethodAccessorImpl.java:62)sun.reflect.DelegatingMethodAccessorImpl.invoke(DelegatingMethodAccessorImpl.java:43)java.lang.reflect.Method.invoke(Method.java:498)org.testng.internal.MethodInvocationHelper.invokeMethod(MethodInvocationHelper.java:85)org.testng.internal.Invoker.invokeMethod(Invoker.java:659)org.testng.internal.Invoker.invokeTestMethod(Invoker.java:845)org.testng.internal.Invoker.invokeTestMethods(Invoker.java:1153)org.testng.internal.TestMethodWorker.invokeTestMethods(TestMethodWorker.java:125)org.testng.internal.TestMethodWorker.run(TestMethodWorker.java:108)org.testng.TestRunner.privateRun(TestRunner.java:771)org.testng.TestRunner.run(TestRunner.java:621)org.testng.SuiteRunner.runTest(SuiteRunner.java:357)org.testng.SuiteRunner.runSequentially(SuiteRunner.java:352)org.testng.SuiteRunner.privateRun(SuiteRunner.java:310)org.testng.SuiteRunner.run(SuiteRunner.java:259)org.testng.SuiteRunnerWorker.runSuite(SuiteRunnerWorker.java:52)org.testng.SuiteRunnerWorker.run(SuiteRunnerWorker.java:86)org.testng.TestNG.runSuitesSequentially(TestNG.java:1199)org.testng.TestNG.runSuitesLocally(TestNG.java:1124)org.testng.TestNG.run(TestNG.java:1032)org.testng.remote.AbstractRemoteTestNG.run(AbstractRemoteTestNG.java:132)org.testng.remote.RemoteTestNG.initAndRun(RemoteTestNG.java:230)org.testng.remote.RemoteTestNG.main(RemoteTestNG.java:76)
  [ERROR] [12:23:03] com.gateside.autotesting.Lib.common.ClassReflector - MESSSAGE: nullSTACKTRACE: com.gateside.autotesting.Lib.common.ClassReflector.getConstructor(ClassReflector.java:160)com.gateside.autotesting.Lib.common.ClassReflector.createInstance(ClassReflector.java:70)com.gateside.autotesting.Lib.common.ClassReflector.createInstance(ClassReflector.java:53)com.gateside.autotesting.Gat.executor.CaseExecutor.invokeMethod(CaseExecutor.java:64)com.gateside.autotesting.Gat.executor.InterfaceStepsExecutor.executeCase(InterfaceStepsExecutor.java:103)com.gateside.autotesting.Gat.executor.CaseExecutor.execute(CaseExecutor.java:33)com.baidu.gameqa.iat.steps.member_unittest.RegisterwithInviteCodeTestCase.RegisterGameUser_success(RegisterwithInviteCodeTestCase.java:26)sun.reflect.NativeMethodAccessorImpl.invoke0(Native Method)sun.reflect.NativeMethodAccessorImpl.invoke(NativeMethodAccessorImpl.java:62)sun.reflect.DelegatingMethodAccessorImpl.invoke(DelegatingMethodAccessorImpl.java:43)java.lang.reflect.Method.invoke(Method.java:498)org.testng.internal.MethodInvocationHelper.invokeMethod(MethodInvocationHelper.java:85)org.testng.internal.Invoker.invokeMethod(Invoker.java:659)org.testng.internal.Invoker.invokeTestMethod(Invoker.java:845)org.testng.internal.Invoker.invokeTestMethods(Invoker.java:1153)org.testng.internal.TestMethodWorker.invokeTestMethods(TestMethodWorker.java:125)org.testng.internal.TestMethodWorker.run(TestMethodWorker.java:108)org.testng.TestRunner.privateRun(TestRunner.java:771)org.testng.TestRunner.run(TestRunner.java:621)org.testng.SuiteRunner.runTest(SuiteRunner.java:357)org.testng.SuiteRunner.runSequentially(SuiteRunner.java:352)org.testng.SuiteRunner.privateRun(SuiteRunner.java:310)org.testng.SuiteRunner.run(SuiteRunner.java:259)org.testng.SuiteRunnerWorker.runSuite(SuiteRunnerWorker.java:52)org.testng.SuiteRunnerWorker.run(SuiteRunnerWorker.java:86)org.testng.TestNG.runSuitesSequentially(TestNG.java:1199)org.testng.TestNG.runSuitesLocally(TestNG.java:1124)org.testng.TestNG.run(TestNG.java:1032)org.testng.remote.AbstractRemoteTestNG.run(AbstractRemoteTestNG.java:132)org.testng.remote.RemoteTestNG.initAndRun(RemoteTestNG.java:230)org.testng.remote.RemoteTestNG.main(RemoteTestNG.java:76)
  [ERROR] [12:23:03] com.gateside.autotesting.Lib.common.SimpleLogger - MESSSAGE: nullSTACKTRACE: com.gateside.autotesting.Lib.common.ClassReflector.createInstance(ClassReflector.java:73)com.gateside.autotesting.Lib.common.ClassReflector.createInstance(ClassReflector.java:53)com.gateside.autotesting.Gat.executor.CaseExecutor.invokeMethod(CaseExecutor.java:64)com.gateside.autotesting.Gat.executor.InterfaceStepsExecutor.executeCase(InterfaceStepsExecutor.java:103)com.gateside.autotesting.Gat.executor.CaseExecutor.execute(CaseExecutor.java:33)com.baidu.gameqa.iat.steps.member_unittest.RegisterwithInviteCodeTestCase.RegisterGameUser_success(RegisterwithInviteCodeTestCase.java:26)sun.reflect.NativeMethodAccessorImpl.invoke0(Native Method)sun.reflect.NativeMethodAccessorImpl.invoke(NativeMethodAccessorImpl.java:62)sun.reflect.DelegatingMethodAccessorImpl.invoke(DelegatingMethodAccessorImpl.java:43)java.lang.reflect.Method.invoke(Method.java:498)org.testng.internal.MethodInvocationHelper.invokeMethod(MethodInvocationHelper.java:85)org.testng.internal.Invoker.invokeMethod(Invoker.java:659)org.testng.internal.Invoker.invokeTestMethod(Invoker.java:845)org.testng.internal.Invoker.invokeTestMethods(Invoker.java:1153)org.testng.internal.TestMethodWorker.invokeTestMethods(TestMethodWorker.java:125)org.testng.internal.TestMethodWorker.run(TestMethodWorker.java:108)org.testng.TestRunner.privateRun(TestRunner.java:771)org.testng.TestRunner.run(TestRunner.java:621)org.testng.SuiteRunner.runTest(SuiteRunner.java:357)org.testng.SuiteRunner.runSequentially(SuiteRunner.java:352)org.testng.SuiteRunner.privateRun(SuiteRunner.java:310)org.testng.SuiteRunner.run(SuiteRunner.java:259)org.testng.SuiteRunnerWorker.runSuite(SuiteRunnerWorker.java:52)org.testng.SuiteRunnerWorker.run(SuiteRunnerWorker.java:86)org.testng.TestNG.runSuitesSequentially(TestNG.java:1199)org.testng.TestNG.runSuitesLocally(TestNG.java:1124)org.testng.TestNG.run(TestNG.java:1032)org.testng.remote.AbstractRemoteTestNG.run(AbstractRemoteTestNG.java:132)org.testng.remote.RemoteTestNG.initAndRun(RemoteTestNG.java:230)org.testng.remote.RemoteTestNG.main(RemoteTestNG.java:76)
  [ERROR] [12:23:03] com.gateside.autotesting.Lib.common.ClassReflector - MESSSAGE: instance should not be null!STACKTRACE: com.gateside.autotesting.Lib.common.ClassReflector.getMethod(ClassReflector.java:100)com.gateside.autotesting.Gat.executor.CaseExecutor.invokeMethod(CaseExecutor.java:65)com.gateside.autotesting.Gat.executor.InterfaceStepsExecutor.executeCase(InterfaceStepsExecutor.java:103)com.gateside.autotesting.Gat.executor.CaseExecutor.execute(CaseExecutor.java:33)com.baidu.gameqa.iat.steps.member_unittest.RegisterwithInviteCodeTestCase.RegisterGameUser_success(RegisterwithInviteCodeTestCase.java:26)sun.reflect.NativeMethodAccessorImpl.invoke0(Native Method)sun.reflect.NativeMethodAccessorImpl.invoke(NativeMethodAccessorImpl.java:62)sun.reflect.DelegatingMethodAccessorImpl.invoke(DelegatingMethodAccessorImpl.java:43)java.lang.reflect.Method.invoke(Method.java:498)org.testng.internal.MethodInvocationHelper.invokeMethod(MethodInvocationHelper.java:85)org.testng.internal.Invoker.invokeMethod(Invoker.java:659)org.testng.internal.Invoker.invokeTestMethod(Invoker.java:845)org.testng.internal.Invoker.invokeTestMethods(Invoker.java:1153)org.testng.internal.TestMethodWorker.invokeTestMethods(TestMethodWorker.java:125)org.testng.internal.TestMethodWorker.run(TestMethodWorker.java:108)org.testng.TestRunner.privateRun(TestRunner.java:771)org.testng.TestRunner.run(TestRunner.java:621)org.testng.SuiteRunner.runTest(SuiteRunner.java:357)org.testng.SuiteRunner.runSequentially(SuiteRunner.java:352)org.testng.SuiteRunner.privateRun(SuiteRunner.java:310)org.testng.SuiteRunner.run(SuiteRunner.java:259)org.testng.SuiteRunnerWorker.runSuite(SuiteRunnerWorker.java:52)org.testng.SuiteRunnerWorker.run(SuiteRunnerWorker.java:86)org.testng.TestNG.runSuitesSequentially(TestNG.java:1199)org.testng.TestNG.runSuitesLocally(TestNG.java:1124)org.testng.TestNG.run(TestNG.java:1032)org.testng.remote.AbstractRemoteTestNG.run(AbstractRemoteTestNG.java:132)org.testng.remote.RemoteTestNG.initAndRun(RemoteTestNG.java:230)org.testng.remote.RemoteTestNG.main(RemoteTestNG.java:76)
  [ERROR] [12:27:16] com.gateside.autotesting.Lib.common.ClassReflector - MESSSAGE: com.baidu.gameqa.iat.steps.member.RegisterwithInviteCodeSTACKTRACE: java.net.URLClassLoader.findClass(URLClassLoader.java:381)java.lang.ClassLoader.loadClass(ClassLoader.java:424)java.lang.ClassLoader.loadClass(ClassLoader.java:357)com.gateside.autotesting.Lib.common.ClassReflector.getClass(ClassReflector.java:194)com.gateside.autotesting.Lib.common.ClassReflector.getConstructor(ClassReflector.java:157)com.gateside.autotesting.Lib.common.ClassReflector.createInstance(ClassReflector.java:70)com.gateside.autotesting.Lib.common.ClassReflector.createInstance(ClassReflector.java:53)com.gateside.autotesting.Gat.executor.CaseExecutor.invokeMethod(CaseExecutor.java:64)com.gateside.autotesting.Gat.executor.InterfaceStepsExecutor.executeCase(InterfaceStepsExecutor.java:103)com.gateside.autotesting.Gat.executor.CaseExecutor.execute(CaseExecutor.java:33)com.baidu.gameqa.iat.steps.member_unittest.RegisterwithInviteCodeTestCase.RegisterGameUser_success(RegisterwithInviteCodeTestCase.java:26)sun.reflect.NativeMethodAccessorImpl.invoke0(Native Method)sun.reflect.NativeMethodAccessorImpl.invoke(NativeMethodAccessorImpl.java:62)sun.reflect.DelegatingMethodAccessorImpl.invoke(DelegatingMethodAccessorImpl.java:43)java.lang.reflect.Method.invoke(Method.java:498)org.testng.internal.MethodInvocationHelper.invokeMethod(MethodInvocationHelper.java:85)org.testng.internal.Invoker.invokeMethod(Invoker.java:659)org.testng.internal.Invoker.invokeTestMethod(Invoker.java:845)org.testng.internal.Invoker.invokeTestMethods(Invoker.java:1153)org.testng.internal.TestMethodWorker.invokeTestMethods(TestMethodWorker.java:125)org.testng.internal.TestMethodWorker.run(TestMethodWorker.java:108)org.testng.TestRunner.privateRun(TestRunner.java:771)org.testng.TestRunner.run(TestRunner.java:621)org.testng.SuiteRunner.runTest(SuiteRunner.java:357)org.testng.SuiteRunner.runSequentially(SuiteRunner.java:352)org.testng.SuiteRunner.privateRun(SuiteRunner.java:310)org.testng.SuiteRunner.run(SuiteRunner.java:259)org.testng.SuiteRunnerWorker.runSuite(SuiteRunnerWorker.java:52)org.testng.SuiteRunnerWorker.run(SuiteRunnerWorker.java:86)org.testng.TestNG.runSuitesSequentially(TestNG.java:1199)org.testng.TestNG.runSuitesLocally(TestNG.java:1124)org.testng.TestNG.run(TestNG.java:1032)org.testng.remote.AbstractRemoteTestNG.run(AbstractRemoteTestNG.java:132)org.testng.remote.RemoteTestNG.initAndRun(RemoteTestNG.java:230)org.testng.remote.RemoteTestNG.main(RemoteTestNG.java:76)
  [ERROR] [12:27:16] com.gateside.autotesting.Lib.common.ClassReflector - MESSSAGE: nullSTACKTRACE: com.gateside.autotesting.Lib.common.ClassReflector.getConstructor(ClassReflector.java:160)com.gateside.autotesting.Lib.common.ClassReflector.createInstance(ClassReflector.java:70)com.gateside.autotesting.Lib.common.ClassReflector.createInstance(ClassReflector.java:53)com.gateside.autotesting.Gat.executor.CaseExecutor.invokeMethod(CaseExecutor.java:64)com.gateside.autotesting.Gat.executor.InterfaceStepsExecutor.executeCase(InterfaceStepsExecutor.java:103)com.gateside.autotesting.Gat.executor.CaseExecutor.execute(CaseExecutor.java:33)com.baidu.gameqa.iat.steps.member_unittest.RegisterwithInviteCodeTestCase.RegisterGameUser_success(RegisterwithInviteCodeTestCase.java:26)sun.reflect.NativeMethodAccessorImpl.invoke0(Native Method)sun.reflect.NativeMethodAccessorImpl.invoke(NativeMethodAccessorImpl.java:62)sun.reflect.DelegatingMethodAccessorImpl.invoke(DelegatingMethodAccessorImpl.java:43)java.lang.reflect.Method.invoke(Method.java:498)org.testng.internal.MethodInvocationHelper.invokeMethod(MethodInvocationHelper.java:85)org.testng.internal.Invoker.invokeMethod(Invoker.java:659)org.testng.internal.Invoker.invokeTestMethod(Invoker.java:845)org.testng.internal.Invoker.invokeTestMethods(Invoker.java:1153)org.testng.internal.TestMethodWorker.invokeTestMethods(TestMethodWorker.java:125)org.testng.internal.TestMethodWorker.run(TestMethodWorker.java:108)org.testng.TestRunner.privateRun(TestRunner.java:771)org.testng.TestRunner.run(TestRunner.java:621)org.testng.SuiteRunner.runTest(SuiteRunner.java:357)org.testng.SuiteRunner.runSequentially(SuiteRunner.java:352)org.testng.SuiteRunner.privateRun(SuiteRunner.java:310)org.testng.SuiteRunner.run(SuiteRunner.java:259)org.testng.SuiteRunnerWorker.runSuite(SuiteRunnerWorker.java:52)org.testng.SuiteRunnerWorker.run(SuiteRunnerWorker.java:86)org.testng.TestNG.runSuitesSequentially(TestNG.java:1199)org.testng.TestNG.runSuitesLocally(TestNG.java:1124)org.testng.TestNG.run(TestNG.java:1032)org.testng.remote.AbstractRemoteTestNG.run(AbstractRemoteTestNG.java:132)org.testng.remote.RemoteTestNG.initAndRun(RemoteTestNG.java:230)org.testng.remote.RemoteTestNG.main(RemoteTestNG.java:76)
  [ERROR] [12:27:16] com.gateside.autotesting.Lib.common.SimpleLogger - MESSSAGE: nullSTACKTRACE: com.gateside.autotesting.Lib.common.ClassReflector.createInstance(ClassReflector.java:73)com.gateside.autotesting.Lib.common.ClassReflector.createInstance(ClassReflector.java:53)com.gateside.autotesting.Gat.executor.CaseExecutor.invokeMethod(CaseExecutor.java:64)com.gateside.autotesting.Gat.executor.InterfaceStepsExecutor.executeCase(InterfaceStepsExecutor.java:103)com.gateside.autotesting.Gat.executor.CaseExecutor.execute(CaseExecutor.java:33)com.baidu.gameqa.iat.steps.member_unittest.RegisterwithInviteCodeTestCase.RegisterGameUser_success(RegisterwithInviteCodeTestCase.java:26)sun.reflect.NativeMethodAccessorImpl.invoke0(Native Method)sun.reflect.NativeMethodAccessorImpl.invoke(NativeMethodAccessorImpl.java:62)sun.reflect.DelegatingMethodAccessorImpl.invoke(DelegatingMethodAccessorImpl.java:43)java.lang.reflect.Method.invoke(Method.java:498)org.testng.internal.MethodInvocationHelper.invokeMethod(MethodInvocationHelper.java:85)org.testng.internal.Invoker.invokeMethod(Invoker.java:659)org.testng.internal.Invoker.invokeTestMethod(Invoker.java:845)org.testng.internal.Invoker.invokeTestMethods(Invoker.java:1153)org.testng.internal.TestMethodWorker.invokeTestMethods(TestMethodWorker.java:125)org.testng.internal.TestMethodWorker.run(TestMethodWorker.java:108)org.testng.TestRunner.privateRun(TestRunner.java:771)org.testng.TestRunner.run(TestRunner.java:621)org.testng.SuiteRunner.runTest(SuiteRunner.java:357)org.testng.SuiteRunner.runSequentially(SuiteRunner.java:352)org.testng.SuiteRunner.privateRun(SuiteRunner.java:310)org.testng.SuiteRunner.run(SuiteRunner.java:259)org.testng.SuiteRunnerWorker.runSuite(SuiteRunnerWorker.java:52)org.testng.SuiteRunnerWorker.run(SuiteRunnerWorker.java:86)org.testng.TestNG.runSuitesSequentially(TestNG.java:1199)org.testng.TestNG.runSuitesLocally(TestNG.java:1124)org.testng.TestNG.run(TestNG.java:1032)org.testng.remote.AbstractRemoteTestNG.run(AbstractRemoteTestNG.java:132)org.testng.remote.RemoteTestNG.initAndRun(RemoteTestNG.java:230)org.testng.remote.RemoteTestNG.main(RemoteTestNG.java:76)
  [ERROR] [12:27:16] com.gateside.autotesting.Lib.common.ClassReflector - MESSSAGE: instance should not be null!STACKTRACE: com.gateside.autotesting.Lib.common.ClassReflector.getMethod(ClassReflector.java:100)com.gateside.autotesting.Gat.executor.CaseExecutor.invokeMethod(CaseExecutor.java:65)com.gateside.autotesting.Gat.executor.InterfaceStepsExecutor.executeCase(InterfaceStepsExecutor.java:103)com.gateside.autotesting.Gat.executor.CaseExecutor.execute(CaseExecutor.java:33)com.baidu.gameqa.iat.steps.member_unittest.RegisterwithInviteCodeTestCase.RegisterGameUser_success(RegisterwithInviteCodeTestCase.java:26)sun.reflect.NativeMethodAccessorImpl.invoke0(Native Method)sun.reflect.NativeMethodAccessorImpl.invoke(NativeMethodAccessorImpl.java:62)sun.reflect.DelegatingMethodAccessorImpl.invoke(DelegatingMethodAccessorImpl.java:43)java.lang.reflect.Method.invoke(Method.java:498)org.testng.internal.MethodInvocationHelper.invokeMethod(MethodInvocationHelper.java:85)org.testng.internal.Invoker.invokeMethod(Invoker.java:659)org.testng.internal.Invoker.invokeTestMethod(Invoker.java:845)org.testng.internal.Invoker.invokeTestMethods(Invoker.java:1153)org.testng.internal.TestMethodWorker.invokeTestMethods(TestMethodWorker.java:125)org.testng.internal.TestMethodWorker.run(TestMethodWorker.java:108)org.testng.TestRunner.privateRun(TestRunner.java:771)org.testng.TestRunner.run(TestRunner.java:621)org.testng.SuiteRunner.runTest(SuiteRunner.java:357)org.testng.SuiteRunner.runSequentially(SuiteRunner.java:352)org.testng.SuiteRunner.privateRun(SuiteRunner.java:310)org.testng.SuiteRunner.run(SuiteRunner.java:259)org.testng.SuiteRunnerWorker.runSuite(SuiteRunnerWorker.java:52)org.testng.SuiteRunnerWorker.run(SuiteRunnerWorker.java:86)org.testng.TestNG.runSuitesSequentially(TestNG.java:1199)org.testng.TestNG.runSuitesLocally(TestNG.java:1124)org.testng.TestNG.run(TestNG.java:1032)org.testng.remote.AbstractRemoteTestNG.run(AbstractRemoteTestNG.java:132)org.testng.remote.RemoteTestNG.initAndRun(RemoteTestNG.java:230)org.testng.remote.RemoteTestNG.main(RemoteTestNG.java:76)
  [ERROR] [12:28:28] com.gateside.autotesting.Lib.common.ClassReflector - MESSSAGE: com.baidu.gameqa.iat.steps.member.RegisterwithInviteCodeSTACKTRACE: java.net.URLClassLoader.findClass(URLClassLoader.java:381)java.lang.ClassLoader.loadClass(ClassLoader.java:424)java.lang.ClassLoader.loadClass(ClassLoader.java:357)com.gateside.autotesting.Lib.common.ClassReflector.getClass(ClassReflector.java:194)com.gateside.autotesting.Lib.common.ClassReflector.getConstructor(ClassReflector.java:157)com.gateside.autotesting.Lib.common.ClassReflector.createInstance(ClassReflector.java:70)com.gateside.autotesting.Lib.common.ClassReflector.createInstance(ClassReflector.java:53)com.gateside.autotesting.Gat.executor.CaseExecutor.invokeMethod(CaseExecutor.java:64)com.gateside.autotesting.Gat.executor.InterfaceStepsExecutor.executeCase(InterfaceStepsExecutor.java:103)com.gateside.autotesting.Gat.executor.CaseExecutor.execute(CaseExecutor.java:33)com.baidu.gameqa.iat.steps.member_unittest.RegisterwithInviteCodeTestCase.RegisterGameUser_success(RegisterwithInviteCodeTestCase.java:26)sun.reflect.NativeMethodAccessorImpl.invoke0(Native Method)sun.reflect.NativeMethodAccessorImpl.invoke(NativeMethodAccessorImpl.java:62)sun.reflect.DelegatingMethodAccessorImpl.invoke(DelegatingMethodAccessorImpl.java:43)java.lang.reflect.Method.invoke(Method.java:498)org.testng.internal.MethodInvocationHelper.invokeMethod(MethodInvocationHelper.java:85)org.testng.internal.Invoker.invokeMethod(Invoker.java:659)org.testng.internal.Invoker.invokeTestMethod(Invoker.java:845)org.testng.internal.Invoker.invokeTestMethods(Invoker.java:1153)org.testng.internal.TestMethodWorker.invokeTestMethods(TestMethodWorker.java:125)org.testng.internal.TestMethodWorker.run(TestMethodWorker.java:108)org.testng.TestRunner.privateRun(TestRunner.java:771)org.testng.TestRunner.run(TestRunner.java:621)org.testng.SuiteRunner.runTest(SuiteRunner.java:357)org.testng.SuiteRunner.runSequentially(SuiteRunner.java:352)org.testng.SuiteRunner.privateRun(SuiteRunner.java:310)org.testng.SuiteRunner.run(SuiteRunner.java:259)org.testng.SuiteRunnerWorker.runSuite(SuiteRunnerWorker.java:52)org.testng.SuiteRunnerWorker.run(SuiteRunnerWorker.java:86)org.testng.TestNG.runSuitesSequentially(TestNG.java:1199)org.testng.TestNG.runSuitesLocally(TestNG.java:1124)org.testng.TestNG.run(TestNG.java:1032)org.testng.remote.AbstractRemoteTestNG.run(AbstractRemoteTestNG.java:132)org.testng.remote.RemoteTestNG.initAndRun(RemoteTestNG.java:230)org.testng.remote.RemoteTestNG.main(RemoteTestNG.java:76)
  [ERROR] [12:28:28] com.gateside.autotesting.Lib.common.ClassReflector - MESSSAGE: nullSTACKTRACE: com.gateside.autotesting.Lib.common.ClassReflector.getConstructor(ClassReflector.java:160)com.gateside.autotesting.Lib.common.ClassReflector.createInstance(ClassReflector.java:70)com.gateside.autotesting.Lib.common.ClassReflector.createInstance(ClassReflector.java:53)com.gateside.autotesting.Gat.executor.CaseExecutor.invokeMethod(CaseExecutor.java:64)com.gateside.autotesting.Gat.executor.InterfaceStepsExecutor.executeCase(InterfaceStepsExecutor.java:103)com.gateside.autotesting.Gat.executor.CaseExecutor.execute(CaseExecutor.java:33)com.baidu.gameqa.iat.steps.member_unittest.RegisterwithInviteCodeTestCase.RegisterGameUser_success(RegisterwithInviteCodeTestCase.java:26)sun.reflect.NativeMethodAccessorImpl.invoke0(Native Method)sun.reflect.NativeMethodAccessorImpl.invoke(NativeMethodAccessorImpl.java:62)sun.reflect.DelegatingMethodAccessorImpl.invoke(DelegatingMethodAccessorImpl.java:43)java.lang.reflect.Method.invoke(Method.java:498)org.testng.internal.MethodInvocationHelper.invokeMethod(MethodInvocationHelper.java:85)org.testng.internal.Invoker.invokeMethod(Invoker.java:659)org.testng.internal.Invoker.invokeTestMethod(Invoker.java:845)org.testng.internal.Invoker.invokeTestMethods(Invoker.java:1153)org.testng.internal.TestMethodWorker.invokeTestMethods(TestMethodWorker.java:125)org.testng.internal.TestMethodWorker.run(TestMethodWorker.java:108)org.testng.TestRunner.privateRun(TestRunner.java:771)org.testng.TestRunner.run(TestRunner.java:621)org.testng.SuiteRunner.runTest(SuiteRunner.java:357)org.testng.SuiteRunner.runSequentially(SuiteRunner.java:352)org.testng.SuiteRunner.privateRun(SuiteRunner.java:310)org.testng.SuiteRunner.run(SuiteRunner.java:259)org.testng.SuiteRunnerWorker.runSuite(SuiteRunnerWorker.java:52)org.testng.SuiteRunnerWorker.run(SuiteRunnerWorker.java:86)org.testng.TestNG.runSuitesSequentially(TestNG.java:1199)org.testng.TestNG.runSuitesLocally(TestNG.java:1124)org.testng.TestNG.run(TestNG.java:1032)org.testng.remote.AbstractRemoteTestNG.run(AbstractRemoteTestNG.java:132)org.testng.remote.RemoteTestNG.initAndRun(RemoteTestNG.java:230)org.testng.remote.RemoteTestNG.main(RemoteTestNG.java:76)
  [ERROR] [12:28:28] com.gateside.autotesting.Lib.common.SimpleLogger - MESSSAGE: nullSTACKTRACE: com.gateside.autotesting.Lib.common.ClassReflector.createInstance(ClassReflector.java:73)com.gateside.autotesting.Lib.common.ClassReflector.createInstance(ClassReflector.java:53)com.gateside.autotesting.Gat.executor.CaseExecutor.invokeMethod(CaseExecutor.java:64)com.gateside.autotesting.Gat.executor.InterfaceStepsExecutor.executeCase(InterfaceStepsExecutor.java:103)com.gateside.autotesting.Gat.executor.CaseExecutor.execute(CaseExecutor.java:33)com.baidu.gameqa.iat.steps.member_unittest.RegisterwithInviteCodeTestCase.RegisterGameUser_success(RegisterwithInviteCodeTestCase.java:26)sun.reflect.NativeMethodAccessorImpl.invoke0(Native Method)sun.reflect.NativeMethodAccessorImpl.invoke(NativeMethodAccessorImpl.java:62)sun.reflect.DelegatingMethodAccessorImpl.invoke(DelegatingMethodAccessorImpl.java:43)java.lang.reflect.Method.invoke(Method.java:498)org.testng.internal.MethodInvocationHelper.invokeMethod(MethodInvocationHelper.java:85)org.testng.internal.Invoker.invokeMethod(Invoker.java:659)org.testng.internal.Invoker.invokeTestMethod(Invoker.java:845)org.testng.internal.Invoker.invokeTestMethods(Invoker.java:1153)org.testng.internal.TestMethodWorker.invokeTestMethods(TestMethodWorker.java:125)org.testng.internal.TestMethodWorker.run(TestMethodWorker.java:108)org.testng.TestRunner.privateRun(TestRunner.java:771)org.testng.TestRunner.run(TestRunner.java:621)org.testng.SuiteRunner.runTest(SuiteRunner.java:357)org.testng.SuiteRunner.runSequentially(SuiteRunner.java:352)org.testng.SuiteRunner.privateRun(SuiteRunner.java:310)org.testng.SuiteRunner.run(SuiteRunner.java:259)org.testng.SuiteRunnerWorker.runSuite(SuiteRunnerWorker.java:52)org.testng.SuiteRunnerWorker.run(SuiteRunnerWorker.java:86)org.testng.TestNG.runSuitesSequentially(TestNG.java:1199)org.testng.TestNG.runSuitesLocally(TestNG.java:1124)org.testng.TestNG.run(TestNG.java:1032)org.testng.remote.AbstractRemoteTestNG.run(AbstractRemoteTestNG.java:132)org.testng.remote.RemoteTestNG.initAndRun(RemoteTestNG.java:230)org.testng.remote.RemoteTestNG.main(RemoteTestNG.java:76)
  [ERROR] [12:28:28] com.gateside.autotesting.Lib.common.ClassReflector - MESSSAGE: instance should not be null!STACKTRACE: com.gateside.autotesting.Lib.common.ClassReflector.getMethod(ClassReflector.java:100)com.gateside.autotesting.Gat.executor.CaseExecutor.invokeMethod(CaseExecutor.java:65)com.gateside.autotesting.Gat.executor.InterfaceStepsExecutor.executeCase(InterfaceStepsExecutor.java:103)com.gateside.autotesting.Gat.executor.CaseExecutor.execute(CaseExecutor.java:33)com.baidu.gameqa.iat.steps.member_unittest.RegisterwithInviteCodeTestCase.RegisterGameUser_success(RegisterwithInviteCodeTestCase.java:26)sun.reflect.NativeMethodAccessorImpl.invoke0(Native Method)sun.reflect.NativeMethodAccessorImpl.invoke(NativeMethodAccessorImpl.java:62)sun.reflect.DelegatingMethodAccessorImpl.invoke(DelegatingMethodAccessorImpl.java:43)java.lang.reflect.Method.invoke(Method.java:498)org.testng.internal.MethodInvocationHelper.invokeMethod(MethodInvocationHelper.java:85)org.testng.internal.Invoker.invokeMethod(Invoker.java:659)org.testng.internal.Invoker.invokeTestMethod(Invoker.java:845)org.testng.internal.Invoker.invokeTestMethods(Invoker.java:1153)org.testng.internal.TestMethodWorker.invokeTestMethods(TestMethodWorker.java:125)org.testng.internal.TestMethodWorker.run(TestMethodWorker.java:108)org.testng.TestRunner.privateRun(TestRunner.java:771)org.testng.TestRunner.run(TestRunner.java:621)org.testng.SuiteRunner.runTest(SuiteRunner.java:357)org.testng.SuiteRunner.runSequentially(SuiteRunner.java:352)org.testng.SuiteRunner.privateRun(SuiteRunner.java:310)org.testng.SuiteRunner.run(SuiteRunner.java:259)org.testng.SuiteRunnerWorker.runSuite(SuiteRunnerWorker.java:52)org.testng.SuiteRunnerWorker.run(SuiteRunnerWorker.java:86)org.testng.TestNG.runSuitesSequentially(TestNG.java:1199)org.testng.TestNG.runSuitesLocally(TestNG.java:1124)org.testng.TestNG.run(TestNG.java:1032)org.testng.remote.AbstractRemoteTestNG.run(AbstractRemoteTestNG.java:132)org.testng.remote.RemoteTestNG.initAndRun(RemoteTestNG.java:230)org.testng.remote.RemoteTestNG.main(RemoteTestNG.java:76)
  [ERROR] [12:29:06] com.gateside.autotesting.Lib.common.ClassReflector - MESSSAGE: com.baidu.gameqa.iat.steps.member.RegisterwithInviteCodeSTACKTRACE: java.net.URLClassLoader.findClass(URLClassLoader.java:381)java.lang.ClassLoader.loadClass(ClassLoader.java:424)java.lang.ClassLoader.loadClass(ClassLoader.java:357)com.gateside.autotesting.Lib.common.ClassReflector.getClass(ClassReflector.java:194)com.gateside.autotesting.Lib.common.ClassReflector.getConstructor(ClassReflector.java:157)com.gateside.autotesting.Lib.common.ClassReflector.createInstance(ClassReflector.java:70)com.gateside.autotesting.Lib.common.ClassReflector.createInstance(ClassReflector.java:53)com.gateside.autotesting.Gat.executor.CaseExecutor.invokeMethod(CaseExecutor.java:64)com.gateside.autotesting.Gat.executor.InterfaceStepsExecutor.executeCase(InterfaceStepsExecutor.java:103)com.gateside.autotesting.Gat.executor.CaseExecutor.execute(CaseExecutor.java:33)com.baidu.gameqa.iat.steps.member_unittest.RegisterwithInviteCodeTestCase.RegisterGameUser_success(RegisterwithInviteCodeTestCase.java:26)sun.reflect.NativeMethodAccessorImpl.invoke0(Native Method)sun.reflect.NativeMethodAccessorImpl.invoke(NativeMethodAccessorImpl.java:62)sun.reflect.DelegatingMethodAccessorImpl.invoke(DelegatingMethodAccessorImpl.java:43)java.lang.reflect.Method.invoke(Method.java:498)org.testng.internal.MethodInvocationHelper.invokeMethod(MethodInvocationHelper.java:85)org.testng.internal.Invoker.invokeMethod(Invoker.java:659)org.testng.internal.Invoker.invokeTestMethod(Invoker.java:845)org.testng.internal.Invoker.invokeTestMethods(Invoker.java:1153)org.testng.internal.TestMethodWorker.invokeTestMethods(TestMethodWorker.java:125)org.testng.internal.TestMethodWorker.run(TestMethodWorker.java:108)org.testng.TestRunner.privateRun(TestRunner.java:771)org.testng.TestRunner.run(TestRunner.java:621)org.testng.SuiteRunner.runTest(SuiteRunner.java:357)org.testng.SuiteRunner.runSequentially(SuiteRunner.java:352)org.testng.SuiteRunner.privateRun(SuiteRunner.java:310)org.testng.SuiteRunner.run(SuiteRunner.java:259)org.testng.SuiteRunnerWorker.runSuite(SuiteRunnerWorker.java:52)org.testng.SuiteRunnerWorker.run(SuiteRunnerWorker.java:86)org.testng.TestNG.runSuitesSequentially(TestNG.java:1199)org.testng.TestNG.runSuitesLocally(TestNG.java:1124)org.testng.TestNG.run(TestNG.java:1032)org.testng.remote.AbstractRemoteTestNG.run(AbstractRemoteTestNG.java:132)org.testng.remote.RemoteTestNG.initAndRun(RemoteTestNG.java:230)org.testng.remote.RemoteTestNG.main(RemoteTestNG.java:76)
  [ERROR] [12:29:06] com.gateside.autotesting.Lib.common.ClassReflector - MESSSAGE: nullSTACKTRACE: com.gateside.autotesting.Lib.common.ClassReflector.getConstructor(ClassReflector.java:160)com.gateside.autotesting.Lib.common.ClassReflector.createInstance(ClassReflector.java:70)com.gateside.autotesting.Lib.common.ClassReflector.createInstance(ClassReflector.java:53)com.gateside.autotesting.Gat.executor.CaseExecutor.invokeMethod(CaseExecutor.java:64)com.gateside.autotesting.Gat.executor.InterfaceStepsExecutor.executeCase(InterfaceStepsExecutor.java:103)com.gateside.autotesting.Gat.executor.CaseExecutor.execute(CaseExecutor.java:33)com.baidu.gameqa.iat.steps.member_unittest.RegisterwithInviteCodeTestCase.RegisterGameUser_success(RegisterwithInviteCodeTestCase.java:26)sun.reflect.NativeMethodAccessorImpl.invoke0(Native Method)sun.reflect.NativeMethodAccessorImpl.invoke(NativeMethodAccessorImpl.java:62)sun.reflect.DelegatingMethodAccessorImpl.invoke(DelegatingMethodAccessorImpl.java:43)java.lang.reflect.Method.invoke(Method.java:498)org.testng.internal.MethodInvocationHelper.invokeMethod(MethodInvocationHelper.java:85)org.testng.internal.Invoker.invokeMethod(Invoker.java:659)org.testng.internal.Invoker.invokeTestMethod(Invoker.java:845)org.testng.internal.Invoker.invokeTestMethods(Invoker.java:1153)org.testng.internal.TestMethodWorker.invokeTestMethods(TestMethodWorker.java:125)org.testng.internal.TestMethodWorker.run(TestMethodWorker.java:108)org.testng.TestRunner.privateRun(TestRunner.java:771)org.testng.TestRunner.run(TestRunner.java:621)org.testng.SuiteRunner.runTest(SuiteRunner.java:357)org.testng.SuiteRunner.runSequentially(SuiteRunner.java:352)org.testng.SuiteRunner.privateRun(SuiteRunner.java:310)org.testng.SuiteRunner.run(SuiteRunner.java:259)org.testng.SuiteRunnerWorker.runSuite(SuiteRunnerWorker.java:52)org.testng.SuiteRunnerWorker.run(SuiteRunnerWorker.java:86)org.testng.TestNG.runSuitesSequentially(TestNG.java:1199)org.testng.TestNG.runSuitesLocally(TestNG.java:1124)org.testng.TestNG.run(TestNG.java:1032)org.testng.remote.AbstractRemoteTestNG.run(AbstractRemoteTestNG.java:132)org.testng.remote.RemoteTestNG.initAndRun(RemoteTestNG.java:230)org.testng.remote.RemoteTestNG.main(RemoteTestNG.java:76)
  [ERROR] [12:29:06] com.gateside.autotesting.Lib.common.SimpleLogger - MESSSAGE: nullSTACKTRACE: com.gateside.autotesting.Lib.common.ClassReflector.createInstance(ClassReflector.java:73)com.gateside.autotesting.Lib.common.ClassReflector.createInstance(ClassReflector.java:53)com.gateside.autotesting.Gat.executor.CaseExecutor.invokeMethod(CaseExecutor.java:64)com.gateside.autotesting.Gat.executor.InterfaceStepsExecutor.executeCase(InterfaceStepsExecutor.java:103)com.gateside.autotesting.Gat.executor.CaseExecutor.execute(CaseExecutor.java:33)com.baidu.gameqa.iat.steps.member_unittest.RegisterwithInviteCodeTestCase.RegisterGameUser_success(RegisterwithInviteCodeTestCase.java:26)sun.reflect.NativeMethodAccessorImpl.invoke0(Native Method)sun.reflect.NativeMethodAccessorImpl.invoke(NativeMethodAccessorImpl.java:62)sun.reflect.DelegatingMethodAccessorImpl.invoke(DelegatingMethodAccessorImpl.java:43)java.lang.reflect.Method.invoke(Method.java:498)org.testng.internal.MethodInvocationHelper.invokeMethod(MethodInvocationHelper.java:85)org.testng.internal.Invoker.invokeMethod(Invoker.java:659)org.testng.internal.Invoker.invokeTestMethod(Invoker.java:845)org.testng.internal.Invoker.invokeTestMethods(Invoker.java:1153)org.testng.internal.TestMethodWorker.invokeTestMethods(TestMethodWorker.java:125)org.testng.internal.TestMethodWorker.run(TestMethodWorker.java:108)org.testng.TestRunner.privateRun(TestRunner.java:771)org.testng.TestRunner.run(TestRunner.java:621)org.testng.SuiteRunner.runTest(SuiteRunner.java:357)org.testng.SuiteRunner.runSequentially(SuiteRunner.java:352)org.testng.SuiteRunner.privateRun(SuiteRunner.java:310)org.testng.SuiteRunner.run(SuiteRunner.java:259)org.testng.SuiteRunnerWorker.runSuite(SuiteRunnerWorker.java:52)org.testng.SuiteRunnerWorker.run(SuiteRunnerWorker.java:86)org.testng.TestNG.runSuitesSequentially(TestNG.java:1199)org.testng.TestNG.runSuitesLocally(TestNG.java:1124)org.testng.TestNG.run(TestNG.java:1032)org.testng.remote.AbstractRemoteTestNG.run(AbstractRemoteTestNG.java:132)org.testng.remote.RemoteTestNG.initAndRun(RemoteTestNG.java:230)org.testng.remote.RemoteTestNG.main(RemoteTestNG.java:76)
  [ERROR] [12:29:06] com.gateside.autotesting.Lib.common.ClassReflector - MESSSAGE: instance should not be null!STACKTRACE: com.gateside.autotesting.Lib.common.ClassReflector.getMethod(ClassReflector.java:100)com.gateside.autotesting.Gat.executor.CaseExecutor.invokeMethod(CaseExecutor.java:65)com.gateside.autotesting.Gat.executor.InterfaceStepsExecutor.executeCase(InterfaceStepsExecutor.java:103)com.gateside.autotesting.Gat.executor.CaseExecutor.execute(CaseExecutor.java:33)com.baidu.gameqa.iat.steps.member_unittest.RegisterwithInviteCodeTestCase.RegisterGameUser_success(RegisterwithInviteCodeTestCase.java:26)sun.reflect.NativeMethodAccessorImpl.invoke0(Native Method)sun.reflect.NativeMethodAccessorImpl.invoke(NativeMethodAccessorImpl.java:62)sun.reflect.DelegatingMethodAccessorImpl.invoke(DelegatingMethodAccessorImpl.java:43)java.lang.reflect.Method.invoke(Method.java:498)org.testng.internal.MethodInvocationHelper.invokeMethod(MethodInvocationHelper.java:85)org.testng.internal.Invoker.invokeMethod(Invoker.java:659)org.testng.internal.Invoker.invokeTestMethod(Invoker.java:845)org.testng.internal.Invoker.invokeTestMethods(Invoker.java:1153)org.testng.internal.TestMethodWorker.invokeTestMethods(TestMethodWorker.java:125)org.testng.internal.TestMethodWorker.run(TestMethodWorker.java:108)org.testng.TestRunner.privateRun(TestRunner.java:771)org.testng.TestRunner.run(TestRunner.java:621)org.testng.SuiteRunner.runTest(SuiteRunner.java:357)org.testng.SuiteRunner.runSequentially(SuiteRunner.java:352)org.testng.SuiteRunner.privateRun(SuiteRunner.java:310)org.testng.SuiteRunner.run(SuiteRunner.java:259)org.testng.SuiteRunnerWorker.runSuite(SuiteRunnerWorker.java:52)org.testng.SuiteRunnerWorker.run(SuiteRunnerWorker.java:86)org.testng.TestNG.runSuitesSequentially(TestNG.java:1199)org.testng.TestNG.runSuitesLocally(TestNG.java:1124)org.testng.TestNG.run(TestNG.java:1032)org.testng.remote.AbstractRemoteTestNG.run(AbstractRemoteTestNG.java:132)org.testng.remote.RemoteTestNG.initAndRun(RemoteTestNG.java:230)org.testng.remote.RemoteTestNG.main(RemoteTestNG.java:76)
  [ERROR] [12:29:47] com.gateside.autotesting.Lib.common.ClassReflector - MESSSAGE: com.baidu.gameqa.iat.steps.member.RegisterwithInviteCodeSTACKTRACE: java.net.URLClassLoader.findClass(URLClassLoader.java:381)java.lang.ClassLoader.loadClass(ClassLoader.java:424)java.lang.ClassLoader.loadClass(ClassLoader.java:357)com.gateside.autotesting.Lib.common.ClassReflector.getClass(ClassReflector.java:194)com.gateside.autotesting.Lib.common.ClassReflector.getConstructor(ClassReflector.java:157)com.gateside.autotesting.Lib.common.ClassReflector.createInstance(ClassReflector.java:70)com.gateside.autotesting.Lib.common.ClassReflector.createInstance(ClassReflector.java:53)com.gateside.autotesting.Gat.executor.CaseExecutor.invokeMethod(CaseExecutor.java:64)com.gateside.autotesting.Gat.executor.InterfaceStepsExecutor.executeCase(InterfaceStepsExecutor.java:103)com.gateside.autotesting.Gat.executor.CaseExecutor.execute(CaseExecutor.java:33)com.baidu.gameqa.iat.steps.member_unittest.RegisterwithInviteCodeTestCase.RegisterGameUser_success(RegisterwithInviteCodeTestCase.java:26)sun.reflect.NativeMethodAccessorImpl.invoke0(Native Method)sun.reflect.NativeMethodAccessorImpl.invoke(NativeMethodAccessorImpl.java:62)sun.reflect.DelegatingMethodAccessorImpl.invoke(DelegatingMethodAccessorImpl.java:43)java.lang.reflect.Method.invoke(Method.java:498)org.testng.internal.MethodInvocationHelper.invokeMethod(MethodInvocationHelper.java:85)org.testng.internal.Invoker.invokeMethod(Invoker.java:659)org.testng.internal.Invoker.invokeTestMethod(Invoker.java:845)org.testng.internal.Invoker.invokeTestMethods(Invoker.java:1153)org.testng.internal.TestMethodWorker.invokeTestMethods(TestMethodWorker.java:125)org.testng.internal.TestMethodWorker.run(TestMethodWorker.java:108)org.testng.TestRunner.privateRun(TestRunner.java:771)org.testng.TestRunner.run(TestRunner.java:621)org.testng.SuiteRunner.runTest(SuiteRunner.java:357)org.testng.SuiteRunner.runSequentially(SuiteRunner.java:352)org.testng.SuiteRunner.privateRun(SuiteRunner.java:310)org.testng.SuiteRunner.run(SuiteRunner.java:259)org.testng.SuiteRunnerWorker.runSuite(SuiteRunnerWorker.java:52)org.testng.SuiteRunnerWorker.run(SuiteRunnerWorker.java:86)org.testng.TestNG.runSuitesSequentially(TestNG.java:1199)org.testng.TestNG.runSuitesLocally(TestNG.java:1124)org.testng.TestNG.run(TestNG.java:1032)org.testng.remote.AbstractRemoteTestNG.run(AbstractRemoteTestNG.java:132)org.testng.remote.RemoteTestNG.initAndRun(RemoteTestNG.java:230)org.testng.remote.RemoteTestNG.main(RemoteTestNG.java:76)
  [ERROR] [12:29:47] com.gateside.autotesting.Lib.common.ClassReflector - MESSSAGE: nullSTACKTRACE: com.gateside.autotesting.Lib.common.ClassReflector.getConstructor(ClassReflector.java:160)com.gateside.autotesting.Lib.common.ClassReflector.createInstance(ClassReflector.java:70)com.gateside.autotesting.Lib.common.ClassReflector.createInstance(ClassReflector.java:53)com.gateside.autotesting.Gat.executor.CaseExecutor.invokeMethod(CaseExecutor.java:64)com.gateside.autotesting.Gat.executor.InterfaceStepsExecutor.executeCase(InterfaceStepsExecutor.java:103)com.gateside.autotesting.Gat.executor.CaseExecutor.execute(CaseExecutor.java:33)com.baidu.gameqa.iat.steps.member_unittest.RegisterwithInviteCodeTestCase.RegisterGameUser_success(RegisterwithInviteCodeTestCase.java:26)sun.reflect.NativeMethodAccessorImpl.invoke0(Native Method)sun.reflect.NativeMethodAccessorImpl.invoke(NativeMethodAccessorImpl.java:62)sun.reflect.DelegatingMethodAccessorImpl.invoke(DelegatingMethodAccessorImpl.java:43)java.lang.reflect.Method.invoke(Method.java:498)org.testng.internal.MethodInvocationHelper.invokeMethod(MethodInvocationHelper.java:85)org.testng.internal.Invoker.invokeMethod(Invoker.java:659)org.testng.internal.Invoker.invokeTestMethod(Invoker.java:845)org.testng.internal.Invoker.invokeTestMethods(Invoker.java:1153)org.testng.internal.TestMethodWorker.invokeTestMethods(TestMethodWorker.java:125)org.testng.internal.TestMethodWorker.run(TestMethodWorker.java:108)org.testng.TestRunner.privateRun(TestRunner.java:771)org.testng.TestRunner.run(TestRunner.java:621)org.testng.SuiteRunner.runTest(SuiteRunner.java:357)org.testng.SuiteRunner.runSequentially(SuiteRunner.java:352)org.testng.SuiteRunner.privateRun(SuiteRunner.java:310)org.testng.SuiteRunner.run(SuiteRunner.java:259)org.testng.SuiteRunnerWorker.runSuite(SuiteRunnerWorker.java:52)org.testng.SuiteRunnerWorker.run(SuiteRunnerWorker.java:86)org.testng.TestNG.runSuitesSequentially(TestNG.java:1199)org.testng.TestNG.runSuitesLocally(TestNG.java:1124)org.testng.TestNG.run(TestNG.java:1032)org.testng.remote.AbstractRemoteTestNG.run(AbstractRemoteTestNG.java:132)org.testng.remote.RemoteTestNG.initAndRun(RemoteTestNG.java:230)org.testng.remote.RemoteTestNG.main(RemoteTestNG.java:76)
  [ERROR] [12:29:47] com.gateside.autotesting.Lib.common.SimpleLogger - MESSSAGE: nullSTACKTRACE: com.gateside.autotesting.Lib.common.ClassReflector.createInstance(ClassReflector.java:73)com.gateside.autotesting.Lib.common.ClassReflector.createInstance(ClassReflector.java:53)com.gateside.autotesting.Gat.executor.CaseExecutor.invokeMethod(CaseExecutor.java:64)com.gateside.autotesting.Gat.executor.InterfaceStepsExecutor.executeCase(InterfaceStepsExecutor.java:103)com.gateside.autotesting.Gat.executor.CaseExecutor.execute(CaseExecutor.java:33)com.baidu.gameqa.iat.steps.member_unittest.RegisterwithInviteCodeTestCase.RegisterGameUser_success(RegisterwithInviteCodeTestCase.java:26)sun.reflect.NativeMethodAccessorImpl.invoke0(Native Method)sun.reflect.NativeMethodAccessorImpl.invoke(NativeMethodAccessorImpl.java:62)sun.reflect.DelegatingMethodAccessorImpl.invoke(DelegatingMethodAccessorImpl.java:43)java.lang.reflect.Method.invoke(Method.java:498)org.testng.internal.MethodInvocationHelper.invokeMethod(MethodInvocationHelper.java:85)org.testng.internal.Invoker.invokeMethod(Invoker.java:659)org.testng.internal.Invoker.invokeTestMethod(Invoker.java:845)org.testng.internal.Invoker.invokeTestMethods(Invoker.java:1153)org.testng.internal.TestMethodWorker.invokeTestMethods(TestMethodWorker.java:125)org.testng.internal.TestMethodWorker.run(TestMethodWorker.java:108)org.testng.TestRunner.privateRun(TestRunner.java:771)org.testng.TestRunner.run(TestRunner.java:621)org.testng.SuiteRunner.runTest(SuiteRunner.java:357)org.testng.SuiteRunner.runSequentially(SuiteRunner.java:352)org.testng.SuiteRunner.privateRun(SuiteRunner.java:310)org.testng.SuiteRunner.run(SuiteRunner.java:259)org.testng.SuiteRunnerWorker.runSuite(SuiteRunnerWorker.java:52)org.testng.SuiteRunnerWorker.run(SuiteRunnerWorker.java:86)org.testng.TestNG.runSuitesSequentially(TestNG.java:1199)org.testng.TestNG.runSuitesLocally(TestNG.java:1124)org.testng.TestNG.run(TestNG.java:1032)org.testng.remote.AbstractRemoteTestNG.run(AbstractRemoteTestNG.java:132)org.testng.remote.RemoteTestNG.initAndRun(RemoteTestNG.java:230)org.testng.remote.RemoteTestNG.main(RemoteTestNG.java:76)
  [ERROR] [12:29:47] com.gateside.autotesting.Lib.common.ClassReflector - MESSSAGE: instance should not be null!STACKTRACE: com.gateside.autotesting.Lib.common.ClassReflector.getMethod(ClassReflector.java:100)com.gateside.autotesting.Gat.executor.CaseExecutor.invokeMethod(CaseExecutor.java:65)com.gateside.autotesting.Gat.executor.InterfaceStepsExecutor.executeCase(InterfaceStepsExecutor.java:103)com.gateside.autotesting.Gat.executor.CaseExecutor.execute(CaseExecutor.java:33)com.baidu.gameqa.iat.steps.member_unittest.RegisterwithInviteCodeTestCase.RegisterGameUser_success(RegisterwithInviteCodeTestCase.java:26)sun.reflect.NativeMethodAccessorImpl.invoke0(Native Method)sun.reflect.NativeMethodAccessorImpl.invoke(NativeMethodAccessorImpl.java:62)sun.reflect.DelegatingMethodAccessorImpl.invoke(DelegatingMethodAccessorImpl.java:43)java.lang.reflect.Method.invoke(Method.java:498)org.testng.internal.MethodInvocationHelper.invokeMethod(MethodInvocationHelper.java:85)org.testng.internal.Invoker.invokeMethod(Invoker.java:659)org.testng.internal.Invoker.invokeTestMethod(Invoker.java:845)org.testng.internal.Invoker.invokeTestMethods(Invoker.java:1153)org.testng.internal.TestMethodWorker.invokeTestMethods(TestMethodWorker.java:125)org.testng.internal.TestMethodWorker.run(TestMethodWorker.java:108)org.testng.TestRunner.privateRun(TestRunner.java:771)org.testng.TestRunner.run(TestRunner.java:621)org.testng.SuiteRunner.runTest(SuiteRunner.java:357)org.testng.SuiteRunner.runSequentially(SuiteRunner.java:352)org.testng.SuiteRunner.privateRun(SuiteRunner.java:310)org.testng.SuiteRunner.run(SuiteRunner.java:259)org.testng.SuiteRunnerWorker.runSuite(SuiteRunnerWorker.java:52)org.testng.SuiteRunnerWorker.run(SuiteRunnerWorker.java:86)org.testng.TestNG.runSuitesSequentially(TestNG.java:1199)org.testng.TestNG.runSuitesLocally(TestNG.java:1124)org.testng.TestNG.run(TestNG.java:1032)org.testng.remote.AbstractRemoteTestNG.run(AbstractRemoteTestNG.java:132)org.testng.remote.RemoteTestNG.initAndRun(RemoteTestNG.java:230)org.testng.remote.RemoteTestNG.main(RemoteTestNG.java:76)
  [ERROR] [14:30:49] com.gateside.autotesting.Lib.common.ClassReflector - MESSSAGE: com.baidu.gameqa.iat.steps.member.RegisterwithInviteCodeSTACKTRACE: java.net.URLClassLoader.findClass(URLClassLoader.java:381)java.lang.ClassLoader.loadClass(ClassLoader.java:424)java.lang.ClassLoader.loadClass(ClassLoader.java:357)com.gateside.autotesting.Lib.common.ClassReflector.getClass(ClassReflector.java:194)com.gateside.autotesting.Lib.common.ClassReflector.getConstructor(ClassReflector.java:157)com.gateside.autotesting.Lib.common.ClassReflector.createInstance(ClassReflector.java:70)com.gateside.autotesting.Lib.common.ClassReflector.createInstance(ClassReflector.java:53)com.gateside.autotesting.Gat.executor.CaseExecutor.invokeMethod(CaseExecutor.java:64)com.gateside.autotesting.Gat.executor.InterfaceStepsExecutor.executeCase(InterfaceStepsExecutor.java:108)com.gateside.autotesting.Gat.executor.CaseExecutor.execute(CaseExecutor.java:33)com.baidu.gameqa.iat.steps.member_unittest.RegisterwithInviteCodeTestCase.RegisterGameUser_success(RegisterwithInviteCodeTestCase.java:26)sun.reflect.NativeMethodAccessorImpl.invoke0(Native Method)sun.reflect.NativeMethodAccessorImpl.invoke(NativeMethodAccessorImpl.java:62)sun.reflect.DelegatingMethodAccessorImpl.invoke(DelegatingMethodAccessorImpl.java:43)java.lang.reflect.Method.invoke(Method.java:498)org.testng.internal.MethodInvocationHelper.invokeMethod(MethodInvocationHelper.java:85)org.testng.internal.Invoker.invokeMethod(Invoker.java:659)org.testng.internal.Invoker.invokeTestMethod(Invoker.java:845)org.testng.internal.Invoker.invokeTestMethods(Invoker.java:1153)org.testng.internal.TestMethodWorker.invokeTestMethods(TestMethodWorker.java:125)org.testng.internal.TestMethodWorker.run(TestMethodWorker.java:108)org.testng.TestRunner.privateRun(TestRunner.java:771)org.testng.TestRunner.run(TestRunner.java:621)org.testng.SuiteRunner.runTest(SuiteRunner.java:357)org.testng.SuiteRunner.runSequentially(SuiteRunner.java:352)org.testng.SuiteRunner.privateRun(SuiteRunner.java:310)org.testng.SuiteRunner.run(SuiteRunner.java:259)org.testng.SuiteRunnerWorker.runSuite(SuiteRunnerWorker.java:52)org.testng.SuiteRunnerWorker.run(SuiteRunnerWorker.java:86)org.testng.TestNG.runSuitesSequentially(TestNG.java:1199)org.testng.TestNG.runSuitesLocally(TestNG.java:1124)org.testng.TestNG.run(TestNG.java:1032)org.testng.remote.AbstractRemoteTestNG.run(AbstractRemoteTestNG.java:132)org.testng.remote.RemoteTestNG.initAndRun(RemoteTestNG.java:230)org.testng.remote.RemoteTestNG.main(RemoteTestNG.java:76)
  [ERROR] [14:30:49] com.gateside.autotesting.Lib.common.ClassReflector - MESSSAGE: nullSTACKTRACE: com.gateside.autotesting.Lib.common.ClassReflector.getConstructor(ClassReflector.java:160)com.gateside.autotesting.Lib.common.ClassReflector.createInstance(ClassReflector.java:70)com.gateside.autotesting.Lib.common.ClassReflector.createInstance(ClassReflector.java:53)com.gateside.autotesting.Gat.executor.CaseExecutor.invokeMethod(CaseExecutor.java:64)com.gateside.autotesting.Gat.executor.InterfaceStepsExecutor.executeCase(InterfaceStepsExecutor.java:108)com.gateside.autotesting.Gat.executor.CaseExecutor.execute(CaseExecutor.java:33)com.baidu.gameqa.iat.steps.member_unittest.RegisterwithInviteCodeTestCase.RegisterGameUser_success(RegisterwithInviteCodeTestCase.java:26)sun.reflect.NativeMethodAccessorImpl.invoke0(Native Method)sun.reflect.NativeMethodAccessorImpl.invoke(NativeMethodAccessorImpl.java:62)sun.reflect.DelegatingMethodAccessorImpl.invoke(DelegatingMethodAccessorImpl.java:43)java.lang.reflect.Method.invoke(Method.java:498)org.testng.internal.MethodInvocationHelper.invokeMethod(MethodInvocationHelper.java:85)org.testng.internal.Invoker.invokeMethod(Invoker.java:659)org.testng.internal.Invoker.invokeTestMethod(Invoker.java:845)org.testng.internal.Invoker.invokeTestMethods(Invoker.java:1153)org.testng.internal.TestMethodWorker.invokeTestMethods(TestMethodWorker.java:125)org.testng.internal.TestMethodWorker.run(TestMethodWorker.java:108)org.testng.TestRunner.privateRun(TestRunner.java:771)org.testng.TestRunner.run(TestRunner.java:621)org.testng.SuiteRunner.runTest(SuiteRunner.java:357)org.testng.SuiteRunner.runSequentially(SuiteRunner.java:352)org.testng.SuiteRunner.privateRun(SuiteRunner.java:310)org.testng.SuiteRunner.run(SuiteRunner.java:259)org.testng.SuiteRunnerWorker.runSuite(SuiteRunnerWorker.java:52)org.testng.SuiteRunnerWorker.run(SuiteRunnerWorker.java:86)org.testng.TestNG.runSuitesSequentially(TestNG.java:1199)org.testng.TestNG.runSuitesLocally(TestNG.java:1124)org.testng.TestNG.run(TestNG.java:1032)org.testng.remote.AbstractRemoteTestNG.run(AbstractRemoteTestNG.java:132)org.testng.remote.RemoteTestNG.initAndRun(RemoteTestNG.java:230)org.testng.remote.RemoteTestNG.main(RemoteTestNG.java:76)
  [ERROR] [14:30:49] com.gateside.autotesting.Lib.common.SimpleLogger - MESSSAGE: nullSTACKTRACE: com.gateside.autotesting.Lib.common.ClassReflector.createInstance(ClassReflector.java:73)com.gateside.autotesting.Lib.common.ClassReflector.createInstance(ClassReflector.java:53)com.gateside.autotesting.Gat.executor.CaseExecutor.invokeMethod(CaseExecutor.java:64)com.gateside.autotesting.Gat.executor.InterfaceStepsExecutor.executeCase(InterfaceStepsExecutor.java:108)com.gateside.autotesting.Gat.executor.CaseExecutor.execute(CaseExecutor.java:33)com.baidu.gameqa.iat.steps.member_unittest.RegisterwithInviteCodeTestCase.RegisterGameUser_success(RegisterwithInviteCodeTestCase.java:26)sun.reflect.NativeMethodAccessorImpl.invoke0(Native Method)sun.reflect.NativeMethodAccessorImpl.invoke(NativeMethodAccessorImpl.java:62)sun.reflect.DelegatingMethodAccessorImpl.invoke(DelegatingMethodAccessorImpl.java:43)java.lang.reflect.Method.invoke(Method.java:498)org.testng.internal.MethodInvocationHelper.invokeMethod(MethodInvocationHelper.java:85)org.testng.internal.Invoker.invokeMethod(Invoker.java:659)org.testng.internal.Invoker.invokeTestMethod(Invoker.java:845)org.testng.internal.Invoker.invokeTestMethods(Invoker.java:1153)org.testng.internal.TestMethodWorker.invokeTestMethods(TestMethodWorker.java:125)org.testng.internal.TestMethodWorker.run(TestMethodWorker.java:108)org.testng.TestRunner.privateRun(TestRunner.java:771)org.testng.TestRunner.run(TestRunner.java:621)org.testng.SuiteRunner.runTest(SuiteRunner.java:357)org.testng.SuiteRunner.runSequentially(SuiteRunner.java:352)org.testng.SuiteRunner.privateRun(SuiteRunner.java:310)org.testng.SuiteRunner.run(SuiteRunner.java:259)org.testng.SuiteRunnerWorker.runSuite(SuiteRunnerWorker.java:52)org.testng.SuiteRunnerWorker.run(SuiteRunnerWorker.java:86)org.testng.TestNG.runSuitesSequentially(TestNG.java:1199)org.testng.TestNG.runSuitesLocally(TestNG.java:1124)org.testng.TestNG.run(TestNG.java:1032)org.testng.remote.AbstractRemoteTestNG.run(AbstractRemoteTestNG.java:132)org.testng.remote.RemoteTestNG.initAndRun(RemoteTestNG.java:230)org.testng.remote.RemoteTestNG.main(RemoteTestNG.java:76)
  [ERROR] [14:30:49] com.gateside.autotesting.Lib.common.ClassReflector - MESSSAGE: instance should not be null!STACKTRACE: com.gateside.autotesting.Lib.common.ClassReflector.getMethod(ClassReflector.java:100)com.gateside.autotesting.Gat.executor.CaseExecutor.invokeMethod(CaseExecutor.java:65)com.gateside.autotesting.Gat.executor.InterfaceStepsExecutor.executeCase(InterfaceStepsExecutor.java:108)com.gateside.autotesting.Gat.executor.CaseExecutor.execute(CaseExecutor.java:33)com.baidu.gameqa.iat.steps.member_unittest.RegisterwithInviteCodeTestCase.RegisterGameUser_success(RegisterwithInviteCodeTestCase.java:26)sun.reflect.NativeMethodAccessorImpl.invoke0(Native Method)sun.reflect.NativeMethodAccessorImpl.invoke(NativeMethodAccessorImpl.java:62)sun.reflect.DelegatingMethodAccessorImpl.invoke(DelegatingMethodAccessorImpl.java:43)java.lang.reflect.Method.invoke(Method.java:498)org.testng.internal.MethodInvocationHelper.invokeMethod(MethodInvocationHelper.java:85)org.testng.internal.Invoker.invokeMethod(Invoker.java:659)org.testng.internal.Invoker.invokeTestMethod(Invoker.java:845)org.testng.internal.Invoker.invokeTestMethods(Invoker.java:1153)org.testng.internal.TestMethodWorker.invokeTestMethods(TestMethodWorker.java:125)org.testng.internal.TestMethodWorker.run(TestMethodWorker.java:108)org.testng.TestRunner.privateRun(TestRunner.java:771)org.testng.TestRunner.run(TestRunner.java:621)org.testng.SuiteRunner.runTest(SuiteRunner.java:357)org.testng.SuiteRunner.runSequentially(SuiteRunner.java:352)org.testng.SuiteRunner.privateRun(SuiteRunner.java:310)org.testng.SuiteRunner.run(SuiteRunner.java:259)org.testng.SuiteRunnerWorker.runSuite(SuiteRunnerWorker.java:52)org.testng.SuiteRunnerWorker.run(SuiteRunnerWorker.java:86)org.testng.TestNG.runSuitesSequentially(TestNG.java:1199)org.testng.TestNG.runSuitesLocally(TestNG.java:1124)org.testng.TestNG.run(TestNG.java:1032)org.testng.remote.AbstractRemoteTestNG.run(AbstractRemoteTestNG.java:132)org.testng.remote.RemoteTestNG.initAndRun(RemoteTestNG.java:230)org.testng.remote.RemoteTestNG.main(RemoteTestNG.java:76)
  